<?xml version="1.0" encoding="UTF-8"?>
<testng-results total="6" passed="6" failed="0" skipped="0">
  <reporter-output>
  </reporter-output>
  <suite started-at="2023-10-17T00:55:01Z" name="Default suite" finished-at="2023-10-17T00:55:01Z" duration-ms="32">
    <groups>
    </groups>
    <test started-at="2023-10-17T00:55:01Z" name="Default test" finished-at="2023-10-17T00:55:01Z" duration-ms="32">
      <class name="SamplePack1.Test1">
        <test-method signature="m1Test()[pri:0, instance:SamplePack1.Test1@78e4deb0]" started-at="2023-10-17T08:55:01Z" name="m1Test" finished-at="2023-10-17T08:55:01Z" duration-ms="7" status="PASS">
          <reporter-output>
          </reporter-output>
        </test-method> <!-- m1Test -->
        <test-method signature="m2Test()[pri:0, instance:SamplePack1.Test1@78e4deb0]" started-at="2023-10-17T08:55:01Z" name="m2Test" finished-at="2023-10-17T08:55:01Z" duration-ms="0" status="PASS">
          <reporter-output>
          </reporter-output>
        </test-method> <!-- m2Test -->
      </class> <!-- SamplePack1.Test1 -->
      <class name="SamplePack1.Test2">
        <test-method signature="m1Test()[pri:0, instance:SamplePack1.Test2@4b741d6d]" started-at="2023-10-17T08:55:01Z" name="m1Test" finished-at="2023-10-17T08:55:01Z" duration-ms="1" status="PASS">
          <reporter-output>
          </reporter-output>
        </test-method> <!-- m1Test -->
        <test-method signature="m2Test()[pri:0, instance:SamplePack1.Test2@4b741d6d]" started-at="2023-10-17T08:55:01Z" name="m2Test" finished-at="2023-10-17T08:55:01Z" duration-ms="1" status="PASS">
          <reporter-output>
          </reporter-output>
        </test-method> <!-- m2Test -->
      </class> <!-- SamplePack1.Test2 -->
      <class name="SamplePack2.Test1">
        <test-method signature="m1Test()[pri:0, instance:SamplePack2.Test1@2eae8e6e]" started-at="2023-10-17T08:55:01Z" name="m1Test" finished-at="2023-10-17T08:55:01Z" duration-ms="6" status="PASS">
          <reporter-output>
          </reporter-output>
        </test-method> <!-- m1Test -->
        <test-method signature="m2Test()[pri:0, instance:SamplePack2.Test1@2eae8e6e]" started-at="2023-10-17T08:55:01Z" name="m2Test" finished-at="2023-10-17T08:55:01Z" duration-ms="0" status="PASS">
          <reporter-output>
          </reporter-output>
        </test-method> <!-- m2Test -->
      </class> <!-- SamplePack2.Test1 -->
    </test> <!-- Default test -->
  </suite> <!-- Default suite -->
</testng-results>
