<?xml version="1.0" encoding="UTF-8"?>
<!-- Generated by org.testng.reporters.JUnitXMLReporter -->
<testsuite hostname="CBEN-G90MGS3-LX" failures="0" tests="6" name="Default test" time="0.032" errors="0" timestamp="17 Oct 2023 00:55:01 GMT">
  <testcase classname="SamplePack1.Test1" name="m1Test" time="0.007"/>
  <testcase classname="SamplePack1.Test1" name="m2Test" time="0.0"/>
  <testcase classname="SamplePack1.Test2" name="m1Test" time="0.001"/>
  <testcase classname="SamplePack1.Test2" name="m2Test" time="0.001"/>
  <testcase classname="SamplePack2.Test1" name="m1Test" time="0.006"/>
  <testcase classname="SamplePack2.Test1" name="m2Test" time="0.0"/>
</testsuite> <!-- Default test -->
